<?xml version="1.0" encoding="UTF-8"?>
<testsuite name="Academy Choucair" tests="1" skipped="0" failures="0" errors="0" timestamp="2021-03-08T05:53:02" hostname="LAPTOP-CG3J5V0V" time="36.525">
  <properties/>
  <testcase name="Search for a automation curse" classname="Academy Choucair" time="36.525"/>
  <system-out><![CDATA[]]></system-out>
  <system-err><![CDATA[[Test worker] WARN net.thucydides.core.steps.BaseStepListener - stepStarted: net.thucydides.core.steps.ExecutedStepDescription@2e89ae3b
[Test worker] WARN net.thucydides.core.steps.BaseStepListener - stepStarted: net.thucydides.core.steps.ExecutedStepDescription@2e1a30da
[Test worker] WARN net.thucydides.core.steps.BaseStepListener - stepStarted: net.thucydides.core.steps.ExecutedStepDescription@1e45f4fc
mar. 08, 2021 12:53:04 A. M. org.openqa.selenium.remote.DesiredCapabilities chrome
INFORMACIÓN: Using `new ChromeOptions()` is preferred to `DesiredCapabilities.chrome()`
[Test worker] INFO net.serenitybdd.core.webdriver.driverproviders.ProvideNewDriver - Instantiating driver
[Test worker] INFO net.serenitybdd.core.webdriver.driverproviders.ProvideNewDriver - Driver capabilities: Capabilities {acceptInsecureCerts: false, browserName: chrome, chrome.switches: --start-maximized, goog:chromeOptions: {args: [--start-maximized], extensions: []}, loggingPrefs: org.openqa.selenium.logging..., platform: ANY, version: }
Starting ChromeDriver 88.0.4324.96 (68dba2d8a0b149a1d3afac56fa74648032bcf46b-refs/branch-heads/4324@{#1784}) on port 16923
Only local connections are allowed.
Please see https://chromedriver.chromium.org/security-considerations for suggestions on keeping ChromeDriver safe.
ChromeDriver was started successfully.
[1615182788.618][WARNING]: This version of ChromeDriver has not been tested with Chrome version 89.
mar. 08, 2021 12:53:09 A. M. org.openqa.selenium.remote.ProtocolHandshake createSession
INFORMACIÓN: Detected dialect: W3C
[Test worker] WARN net.thucydides.core.steps.BaseStepListener - stepFinished: current outcome:Search for a automation curse:Given than Hernan wants to learn automation at the academy Choucair
| strUser | strPassword |
| 1090500063 | Choucair2021* | [Hernan open up [Hernan opens the Choucair academy page]]
[Test worker] WARN net.thucydides.core.steps.BaseStepListener - stepFinished: current outcome:Search for a automation curse:Given than Hernan wants to learn automation at the academy Choucair
| strUser | strPassword |
| 1090500063 | Choucair2021* | [Hernan open up [Hernan opens the Choucair academy page]]
[Test worker] WARN net.thucydides.core.steps.BaseStepListener - stepStarted: net.thucydides.core.steps.ExecutedStepDescription@1db5bb0a
[Test worker] WARN net.thucydides.core.steps.BaseStepListener - stepStarted: net.thucydides.core.steps.ExecutedStepDescription@6a86d2cc
[Test worker] WARN net.thucydides.core.steps.BaseStepListener - stepFinished: current outcome:Search for a automation curse:Given than Hernan wants to learn automation at the academy Choucair
| strUser | strPassword |
| 1090500063 | Choucair2021* | [Hernan open up [Hernan opens the Choucair academy page], Hernan login [Hernan clicks on buttom that shows us form to login]]
[Test worker] WARN net.thucydides.core.steps.BaseStepListener - stepStarted: net.thucydides.core.steps.ExecutedStepDescription@4d0d2ac3
[Test worker] WARN net.thucydides.core.steps.BaseStepListener - stepFinished: current outcome:Search for a automation curse:Given than Hernan wants to learn automation at the academy Choucair
| strUser | strPassword |
| 1090500063 | Choucair2021* | [Hernan open up [Hernan opens the Choucair academy page], Hernan login [Hernan clicks on buttom that shows us form to login, Hernan enters '1090500063' into where do we write the user]]
[Test worker] WARN net.thucydides.core.steps.BaseStepListener - stepStarted: net.thucydides.core.steps.ExecutedStepDescription@5786b771
[Test worker] WARN net.thucydides.core.steps.BaseStepListener - stepFinished: current outcome:Search for a automation curse:Given than Hernan wants to learn automation at the academy Choucair
| strUser | strPassword |
| 1090500063 | Choucair2021* | [Hernan open up [Hernan opens the Choucair academy page], Hernan login [Hernan clicks on buttom that shows us form to login, Hernan enters '1090500063' into where do we write the user, Hernan enters 'Choucair2021*' into where do we write the password]]
[Test worker] WARN net.thucydides.core.steps.BaseStepListener - stepStarted: net.thucydides.core.steps.ExecutedStepDescription@4e0bd018
[Test worker] WARN net.thucydides.core.steps.BaseStepListener - stepFinished: current outcome:Search for a automation curse:Given than Hernan wants to learn automation at the academy Choucair
| strUser | strPassword |
| 1090500063 | Choucair2021* | [Hernan open up [Hernan opens the Choucair academy page], Hernan login [Hernan clicks on buttom that shows us form to login, Hernan enters '1090500063' into where do we write the user, Hernan enters 'Choucair2021*' into where do we write the password, Hernan clicks on buttoms to confirms login]]
[Test worker] WARN net.thucydides.core.steps.BaseStepListener - stepFinished: current outcome:Search for a automation curse:Given than Hernan wants to learn automation at the academy Choucair
| strUser | strPassword |
| 1090500063 | Choucair2021* | [Hernan open up [Hernan opens the Choucair academy page], Hernan login [Hernan clicks on buttom that shows us form to login, Hernan enters '1090500063' into where do we write the user, Hernan enters 'Choucair2021*' into where do we write the password, Hernan clicks on buttoms to confirms login]]
[Test worker] WARN net.thucydides.core.steps.BaseStepListener - stepFinished: current outcome:Search for a automation curse:Given than Hernan wants to learn automation at the academy Choucair
| strUser | strPassword |
| 1090500063 | Choucair2021* | [Hernan open up [Hernan opens the Choucair academy page], Hernan login [Hernan clicks on buttom that shows us form to login, Hernan enters '1090500063' into where do we write the user, Hernan enters 'Choucair2021*' into where do we write the password, Hernan clicks on buttoms to confirms login]]
[Test worker] WARN net.thucydides.core.steps.BaseStepListener - stepStarted: net.thucydides.core.steps.ExecutedStepDescription@1857835c
[Test worker] WARN net.thucydides.core.steps.BaseStepListener - stepStarted: net.thucydides.core.steps.ExecutedStepDescription@35280fb0
[Test worker] WARN net.thucydides.core.steps.BaseStepListener - stepStarted: net.thucydides.core.steps.ExecutedStepDescription@20213df7
[Test worker] WARN net.thucydides.core.steps.BaseStepListener - stepFinished: current outcome:Search for a automation curse:Given than Hernan wants to learn automation at the academy Choucair
| strUser | strPassword |
| 1090500063 | Choucair2021* | [Hernan open up [Hernan opens the Choucair academy page], Hernan login [Hernan clicks on buttom that shows us form to login, Hernan enters '1090500063' into where do we write the user, Hernan enters 'Choucair2021*' into where do we write the password, Hernan clicks on buttoms to confirms login]], When he search for the course on the choucair academy plataform
| strCourse |
| Workshop de Automatizacion | [Hernan search [Hernan clicks on Selecciona Cursos y Certificaciones]]
[Test worker] WARN net.thucydides.core.steps.BaseStepListener - stepStarted: net.thucydides.core.steps.ExecutedStepDescription@45b3d3aa
[Test worker] WARN net.thucydides.core.steps.BaseStepListener - stepFinished: current outcome:Search for a automation curse:Given than Hernan wants to learn automation at the academy Choucair
| strUser | strPassword |
| 1090500063 | Choucair2021* | [Hernan open up [Hernan opens the Choucair academy page], Hernan login [Hernan clicks on buttom that shows us form to login, Hernan enters '1090500063' into where do we write the user, Hernan enters 'Choucair2021*' into where do we write the password, Hernan clicks on buttoms to confirms login]], When he search for the course on the choucair academy plataform
| strCourse |
| Workshop de Automatizacion | [Hernan search [Hernan clicks on Selecciona Cursos y Certificaciones, Hernan clicks on Da click en el curso]]
[Test worker] WARN net.thucydides.core.steps.BaseStepListener - stepFinished: current outcome:Search for a automation curse:Given than Hernan wants to learn automation at the academy Choucair
| strUser | strPassword |
| 1090500063 | Choucair2021* | [Hernan open up [Hernan opens the Choucair academy page], Hernan login [Hernan clicks on buttom that shows us form to login, Hernan enters '1090500063' into where do we write the user, Hernan enters 'Choucair2021*' into where do we write the password, Hernan clicks on buttoms to confirms login]], When he search for the course on the choucair academy plataform
| strCourse |
| Workshop de Automatizacion | [Hernan search [Hernan clicks on Selecciona Cursos y Certificaciones, Hernan clicks on Da click en el curso]]
[Test worker] WARN net.thucydides.core.steps.BaseStepListener - stepFinished: current outcome:Search for a automation curse:Given than Hernan wants to learn automation at the academy Choucair
| strUser | strPassword |
| 1090500063 | Choucair2021* | [Hernan open up [Hernan opens the Choucair academy page], Hernan login [Hernan clicks on buttom that shows us form to login, Hernan enters '1090500063' into where do we write the user, Hernan enters 'Choucair2021*' into where do we write the password, Hernan clicks on buttoms to confirms login]], When he search for the course on the choucair academy plataform
| strCourse |
| Workshop de Automatizacion | [Hernan search [Hernan clicks on Selecciona Cursos y Certificaciones, Hernan clicks on Da click en el curso]]
[Test worker] WARN net.thucydides.core.steps.BaseStepListener - stepStarted: net.thucydides.core.steps.ExecutedStepDescription@1c8d5c3f
[Test worker] WARN net.thucydides.core.steps.BaseStepListener - stepStarted: net.thucydides.core.steps.ExecutedStepDescription@1951e531
[Test worker] WARN net.thucydides.core.steps.BaseStepListener - stepFinished: current outcome:Search for a automation curse:Given than Hernan wants to learn automation at the academy Choucair
| strUser | strPassword |
| 1090500063 | Choucair2021* | [Hernan open up [Hernan opens the Choucair academy page], Hernan login [Hernan clicks on buttom that shows us form to login, Hernan enters '1090500063' into where do we write the user, Hernan enters 'Choucair2021*' into where do we write the password, Hernan clicks on buttoms to confirms login]], When he search for the course on the choucair academy plataform
| strCourse |
| Workshop de Automatizacion | [Hernan search [Hernan clicks on Selecciona Cursos y Certificaciones, Hernan clicks on Da click en el curso]], Then he finds the course called resources
| strCourse |
| Workshop de Automatización | [Then answer]
[Test worker] WARN net.thucydides.core.steps.BaseStepListener - stepFinished: current outcome:Search for a automation curse:Given than Hernan wants to learn automation at the academy Choucair
| strUser | strPassword |
| 1090500063 | Choucair2021* | [Hernan open up [Hernan opens the Choucair academy page], Hernan login [Hernan clicks on buttom that shows us form to login, Hernan enters '1090500063' into where do we write the user, Hernan enters 'Choucair2021*' into where do we write the password, Hernan clicks on buttoms to confirms login]], When he search for the course on the choucair academy plataform
| strCourse |
| Workshop de Automatizacion | [Hernan search [Hernan clicks on Selecciona Cursos y Certificaciones, Hernan clicks on Da click en el curso]], Then he finds the course called resources
| strCourse |
| Workshop de Automatización | [Then answer]
[Test worker] WARN net.thucydides.core.steps.BaseStepListener - testFinished: Search for a automation curse:Given than Hernan wants to learn automation at the academy Choucair
| strUser | strPassword |
| 1090500063 | Choucair2021* | [Hernan open up [Hernan opens the Choucair academy page], Hernan login [Hernan clicks on buttom that shows us form to login, Hernan enters '1090500063' into where do we write the user, Hernan enters 'Choucair2021*' into where do we write the password, Hernan clicks on buttoms to confirms login]], When he search for the course on the choucair academy plataform
| strCourse |
| Workshop de Automatizacion | [Hernan search [Hernan clicks on Selecciona Cursos y Certificaciones, Hernan clicks on Da click en el curso]], Then he finds the course called resources
| strCourse |
| Workshop de Automatización | [Then answer]
[Test worker] WARN net.thucydides.core.steps.BaseStepListener - TestOutcomes: [Search for a automation curse:Given than Hernan wants to learn automation at the academy Choucair
| strUser | strPassword |
| 1090500063 | Choucair2021* | [Hernan open up [Hernan opens the Choucair academy page], Hernan login [Hernan clicks on buttom that shows us form to login, Hernan enters '1090500063' into where do we write the user, Hernan enters 'Choucair2021*' into where do we write the password, Hernan clicks on buttoms to confirms login]], When he search for the course on the choucair academy plataform
| strCourse |
| Workshop de Automatizacion | [Hernan search [Hernan clicks on Selecciona Cursos y Certificaciones, Hernan clicks on Da click en el curso]], Then he finds the course called resources
| strCourse |
| Workshop de Automatización | [Then answer]]
[Test worker] WARN net.thucydides.core.steps.BaseStepListener - Final testOutcomes: [Search for a automation curse:Given than Hernan wants to learn automation at the academy Choucair
| strUser | strPassword |
| 1090500063 | Choucair2021* | [Hernan open up [Hernan opens the Choucair academy page], Hernan login [Hernan clicks on buttom that shows us form to login, Hernan enters '1090500063' into where do we write the user, Hernan enters 'Choucair2021*' into where do we write the password, Hernan clicks on buttoms to confirms login]], When he search for the course on the choucair academy plataform
| strCourse |
| Workshop de Automatizacion | [Hernan search [Hernan clicks on Selecciona Cursos y Certificaciones, Hernan clicks on Da click en el curso]], Then he finds the course called resources
| strCourse |
| Workshop de Automatización | [Then answer]]
[Test worker] INFO net.thucydides.core.steps.ConsoleLoggingListener - 
        __    _____ _____ ____ _____   ____   _    ____  ____  _____ ____  
  _     \ \  |_   _| ____/ ___|_   _| |  _ \ / \  / ___|/ ___|| ____|  _ \ 
 (_)_____| |   | | |  _| \___ \ | |   | |_) / _ \ \___ \\___ \|  _| | | | |
  _|_____| |   | | | |___ ___) || |   |  __/ ___ \ ___) |___) | |___| |_| |
 (_)     | |   |_| |_____|____/ |_|   |_| /_/   \_\____/|____/|_____|____/ 
        /_/                                                                

TEST PASSED: Search for a automation curse
----------------------------------------------------------------------------
]]></system-err>
</testsuite>
